[0m[[0m[0mdebug[0m] [0m[0m> Exec(compile, Some(99ac2acd-ff1c-49c2-a3f2-bf6e6906b864), Some(CommandSource(console0)))[0m
[0m[[0m[0mdebug[0m] [0m[0mEvaluating tasks: Compile / compile[0m
[0m[[0m[0mdebug[0m] [0m[0mRunning task... Cancel: Signal, check cycles: false, forcegc: true[0m
[0m[[0m[0minfo[0m] [0m[0mcompiling 26 Scala sources to C:\Users\giamm\Desktop\PCD-Assignment03\sbt-subproject\target\scala-3.3.3\classes ...[0m
[0m[[0m[33mwarn[0m] [0m[0m[33m[33m-- Warning: C:\Users\giamm\Desktop\PCD-Assignment03\sbt-subproject\src\main\scala\it\unibo\pcd\akka\cluster\example\stats\StatsClient.scala:24:49 [0m[0m[0m
[0m[[0m[33mwarn[0m] [0m[0m[33m24 |[0m        [33mval[0m [36mresponseAdapter[0m = ctx.messageAdapter(ServiceResponse)[0m
[0m[[0m[33mwarn[0m] [0m[0m[33m[33m   |[0m                                                 ^^^^^^^^^^^^^^^[0m[0m
[0m[[0m[33mwarn[0m] [0m[0m[33m   |[0mThe method `apply` is inserted. The auto insertion will be deprecated, please write `it.unibo.pcd.akka.cluster.example.stats.StatsClient.Event.ServiceResponse.apply` explicitly.[0m
[0m[[0m[31merror[0m] [0m[0m[31m[31m-- [E046] Cyclic Error: C:\Users\giamm\Desktop\PCD-Assignment03\sbt-subproject\src\main\scala\it\unibo\pcd\akka\part2A\SudokuGUI.scala:3:13 [0m[0m[0m
[0m[[0m[31merror[0m] [0m[0m[31m3 |[0m[33mimport[0m scala.swing.event._[0m
[0m[[0m[31merror[0m] [0m[0m[31m[31m  |[0m             ^[0m[0m
[0m[[0m[31merror[0m] [0m[0m[31m  |[0m             Cyclic reference involving val <import>[0m
[0m[[0m[31merror[0m] [0m[0m[31m  |[0m[0m
[0m[[0m[31merror[0m] [0m[0m[31m  |[0m longer explanation available when compiling with `-explain`[0m
[0m[[0m[31merror[0m] [0m[0m[31m[31m-- [E008] Not Found Error: C:\Users\giamm\Desktop\PCD-Assignment03\sbt-subproject\src\main\scala\it\unibo\pcd\akka\part2A\SudokuGUI.scala:2:13 [0m[0m[0m
[0m[[0m[31merror[0m] [0m[0m[31m2 |[0m[33mimport[0m scala.swing._[0m
[0m[[0m[31merror[0m] [0m[0m[31m[31m  |[0m       ^^^^^^^^^^^[0m[0m
[0m[[0m[31merror[0m] [0m[0m[31m  |[0m       value swing is not a member of scala - did you mean scala.Long?[0m
[0m[[0m[33mwarn[0m] [0m[0mone warning found[0m
[0m[[0m[31merror[0m] [0m[0mtwo errors found[0m
[0m[[0m[31merror[0m] [0m[0m(Compile / [31mcompileIncremental[0m) Compilation failed[0m
[0m[[0m[31merror[0m] [0m[0mTotal time: 3 s, completed 27 mag 2024, 15:27:50[0m
[0m[[0m[0mdebug[0m] [0m[0m> Exec(shell, None, None)[0m
